[INFO ] 2016-05-22 18:04:47,710 -- Dataset: .\Datasets\FilmTrust\ratings.txt
[DEBUG] 2016-05-22 18:04:48,340 -- With Specs: {Users, Items, Ratings} = {1508, 2071, 35497}, Scale = {1.0}
[INFO ] 2016-05-22 18:04:48,467 -- With Setup: cv -k 5 -p on --test-view all --rand-seed 1
[DEBUG] 2016-05-22 18:04:48,579 -- Fold [1]: training amount: 28395, test amount: 7099
[DEBUG] 2016-05-22 18:04:48,598 -- Fold [2]: training amount: 28395, test amount: 7099
[DEBUG] 2016-05-22 18:04:48,613 -- Fold [3]: training amount: 28395, test amount: 7099
[DEBUG] 2016-05-22 18:04:48,626 -- Fold [4]: training amount: 28395, test amount: 7099
[DEBUG] 2016-05-22 18:04:48,637 -- Fold [5]: training amount: 28396, test amount: 7098
[DEBUG] 2016-05-22 18:04:51,763 -- AR fold [4] evaluate test data ... 
[DEBUG] 2016-05-22 18:04:51,773 -- AR fold [1] evaluate test data ... 
[DEBUG] 2016-05-22 18:04:51,784 -- AR fold [5] evaluate test data ... 
[DEBUG] 2016-05-22 18:04:51,817 -- AR fold [1] has candidate items: 1933
[DEBUG] 2016-05-22 18:04:51,817 -- AR fold [4] has candidate items: 1912
[DEBUG] 2016-05-22 18:04:51,817 -- AR fold [5] has candidate items: 1895
[DEBUG] 2016-05-22 18:04:51,829 -- AR fold [3] evaluate test data ... 
[DEBUG] 2016-05-22 18:04:51,830 -- AR fold [3] has candidate items: 1909
[DEBUG] 2016-05-22 18:04:51,833 -- AR fold [2] evaluate test data ... 
[DEBUG] 2016-05-22 18:04:51,834 -- AR fold [2] has candidate items: 1911
[DEBUG] 2016-05-22 18:05:16,308 -- AR fold [5] evaluates progress: 100 / 1508
[DEBUG] 2016-05-22 18:05:17,784 -- AR fold [2] evaluates progress: 100 / 1508
[DEBUG] 2016-05-22 18:05:17,798 -- AR fold [3] evaluates progress: 100 / 1508
[DEBUG] 2016-05-22 18:05:19,125 -- AR fold [4] evaluates progress: 100 / 1508
[DEBUG] 2016-05-22 18:05:19,609 -- AR fold [1] evaluates progress: 100 / 1508
